Host : clust2
Date : Fri Apr 18 02:39:30 CEST 2025
Cœurs CPU alloués : 1
Importation done
Importing data...
From 2020-03-24T00:00:00.000000000 to 2020-07-21T00:00:00.000000000
Data importation done!
Iteration 0: Epsilon = inf, ESS = 1000 Acc. rate = 100% Numb. unique particles = 1000
Iteration 1: Espilon = 132934.9461, ESS = 950 Acc. rate = 83.68% Uniqueness rate particules = 100.0% Uniqueness rate components = 100.0% Global parameters uniqueness rate = 100.0%
Maximum number of iterations reached

Resampling... 950 unique particles left
Iteration 2: Espilon = 132934.9461, ESS = 1000 Acc. rate = 84.00% Uniqueness rate particules = 99.6% Uniqueness rate components = 99.6% Global parameters uniqueness rate = 99.6%
Maximum number of iterations reached

Iteration 3: Espilon = 132934.9461, ESS = 1000 Acc. rate = 83.40% Uniqueness rate particules = 99.9% Uniqueness rate components = 99.9% Global parameters uniqueness rate = 99.9%
Maximum number of iterations reached

Iteration 4: Espilon = 132934.9461, ESS = 1000 Acc. rate = 80.80% Uniqueness rate particules = 100.0% Uniqueness rate components = 100.0% Global parameters uniqueness rate = 100.0%
Maximum number of iterations reached

Iteration 5: Espilon = 132934.9461, ESS = 1000 Acc. rate = 83.20% Uniqueness rate particules = 100.0% Uniqueness rate components = 100.0% Global parameters uniqueness rate = 100.0%
Maximum number of iterations reached

Iteration 6: Espilon = 132934.9461, ESS = 1000 Acc. rate = 82.20% Uniqueness rate particules = 100.0% Uniqueness rate components = 100.0% Global parameters uniqueness rate = 100.0%
Maximum number of iterations reached

Iteration 7: Espilon = 132934.9461, ESS = 1000 Acc. rate = 83.00% Uniqueness rate particules = 100.0% Uniqueness rate components = 100.0% Global parameters uniqueness rate = 100.0%
Maximum number of iterations reached

Iteration 8: Espilon = 132934.9461, ESS = 1000 Acc. rate = 82.10% Uniqueness rate particules = 100.0% Uniqueness rate components = 100.0% Global parameters uniqueness rate = 100.0%
Maximum number of iterations reached

Iteration 9: Espilon = 132934.9461, ESS = 1000 Acc. rate = 84.50% Uniqueness rate particules = 100.0% Uniqueness rate components = 100.0% Global parameters uniqueness rate = 100.0%
Maximum number of iterations reached

Iteration 10: Espilon = 132934.9461, ESS = 1000 Acc. rate = 82.40% Uniqueness rate particules = 100.0% Uniqueness rate components = 100.0% Global parameters uniqueness rate = 100.0%
Maximum number of iterations reached

Iteration 11: Espilon = 132934.9461, ESS = 1000 Acc. rate = 84.30% Uniqueness rate particules = 100.0% Uniqueness rate components = 100.0% Global parameters uniqueness rate = 100.0%
Maximum number of iterations reached

Iteration 12: Espilon = 132934.9461, ESS = 1000 Acc. rate = 83.10% Uniqueness rate particules = 100.0% Uniqueness rate components = 100.0% Global parameters uniqueness rate = 100.0%
Maximum number of iterations reached

Iteration 13: Espilon = 132934.9461, ESS = 1000 Acc. rate = 83.20% Uniqueness rate particules = 100.0% Uniqueness rate components = 100.0% Global parameters uniqueness rate = 100.0%
Maximum number of iterations reached

Iteration 14: Espilon = 132934.9461, ESS = 1000 Acc. rate = 82.90% Uniqueness rate particules = 100.0% Uniqueness rate components = 100.0% Global parameters uniqueness rate = 100.0%
Maximum number of iterations reached

Iteration 15: Espilon = 132934.9461, ESS = 1000 Acc. rate = 84.30% Uniqueness rate particules = 100.0% Uniqueness rate components = 100.0% Global parameters uniqueness rate = 100.0%
Maximum number of iterations reached

Iteration 16: Espilon = 132934.9461, ESS = 1000 Acc. rate = 83.60% Uniqueness rate particules = 100.0% Uniqueness rate components = 100.0% Global parameters uniqueness rate = 100.0%
Maximum number of iterations reached

Iteration 17: Espilon = 132934.9461, ESS = 1000 Acc. rate = 83.40% Uniqueness rate particules = 100.0% Uniqueness rate components = 100.0% Global parameters uniqueness rate = 100.0%
Maximum number of iterations reached

Iteration 18: Espilon = 132934.9461, ESS = 1000 Acc. rate = 81.70% Uniqueness rate particules = 100.0% Uniqueness rate components = 100.0% Global parameters uniqueness rate = 100.0%
Maximum number of iterations reached

Iteration 19: Espilon = 132934.9461, ESS = 1000 Acc. rate = 83.90% Uniqueness rate particules = 100.0% Uniqueness rate components = 100.0% Global parameters uniqueness rate = 100.0%
Maximum number of iterations reached

Iteration 20: Espilon = 132934.9461, ESS = 1000 Acc. rate = 82.70% Uniqueness rate particules = 100.0% Uniqueness rate components = 100.0% Global parameters uniqueness rate = 100.0%
Maximum number of iterations reached

Iteration 21: Espilon = 132934.9461, ESS = 1000 Acc. rate = 83.40% Uniqueness rate particules = 100.0% Uniqueness rate components = 100.0% Global parameters uniqueness rate = 100.0%
Maximum number of iterations reached

Iteration 22: Espilon = 132934.9461, ESS = 1000 Acc. rate = 83.40% Uniqueness rate particules = 100.0% Uniqueness rate components = 100.0% Global parameters uniqueness rate = 100.0%
Maximum number of iterations reached

Iteration 23: Espilon = 132934.9461, ESS = 1000 Acc. rate = 82.70% Uniqueness rate particules = 100.0% Uniqueness rate components = 100.0% Global parameters uniqueness rate = 100.0%
Maximum number of iterations reached

Iteration 24: Espilon = 132934.9461, ESS = 1000 Acc. rate = 85.70% Uniqueness rate particules = 100.0% Uniqueness rate components = 100.0% Global parameters uniqueness rate = 100.0%
Maximum number of iterations reached

Iteration 25: Espilon = 132934.9461, ESS = 1000 Acc. rate = 83.90% Uniqueness rate particules = 100.0% Uniqueness rate components = 100.0% Global parameters uniqueness rate = 100.0%
Maximum number of iterations reached

Iteration 26: Espilon = 132934.9461, ESS = 1000 Acc. rate = 82.30% Uniqueness rate particules = 100.0% Uniqueness rate components = 100.0% Global parameters uniqueness rate = 100.0%
Maximum number of iterations reached

Iteration 27: Espilon = 132934.9461, ESS = 1000 Acc. rate = 81.90% Uniqueness rate particules = 100.0% Uniqueness rate components = 100.0% Global parameters uniqueness rate = 100.0%
Maximum number of iterations reached

Iteration 28: Espilon = 132934.9461, ESS = 1000 Acc. rate = 83.20% Uniqueness rate particules = 100.0% Uniqueness rate components = 100.0% Global parameters uniqueness rate = 100.0%
Maximum number of iterations reached

Iteration 29: Espilon = 132934.9461, ESS = 1000 Acc. rate = 82.70% Uniqueness rate particules = 100.0% Uniqueness rate components = 100.0% Global parameters uniqueness rate = 100.0%
Maximum number of iterations reached

Iteration 30: Espilon = 132934.9461, ESS = 1000 Acc. rate = 84.30% Uniqueness rate particules = 100.0% Uniqueness rate components = 100.0% Global parameters uniqueness rate = 100.0%
Maximum number of iterations reached

Iteration 31: Espilon = 132934.9461, ESS = 1000 Acc. rate = 84.60% Uniqueness rate particules = 100.0% Uniqueness rate components = 100.0% Global parameters uniqueness rate = 100.0%
Maximum number of iterations reached

Iteration 32: Espilon = 132934.9461, ESS = 1000 Acc. rate = 82.70% Uniqueness rate particules = 100.0% Uniqueness rate components = 100.0% Global parameters uniqueness rate = 100.0%
Maximum number of iterations reached

Iteration 33: Espilon = 132934.9461, ESS = 1000 Acc. rate = 84.50% Uniqueness rate particules = 100.0% Uniqueness rate components = 100.0% Global parameters uniqueness rate = 100.0%
Maximum number of iterations reached

Iteration 34: Espilon = 132934.9461, ESS = 1000 Acc. rate = 82.90% Uniqueness rate particules = 100.0% Uniqueness rate components = 100.0% Global parameters uniqueness rate = 100.0%
Maximum number of iterations reached

Iteration 35: Espilon = 132934.9461, ESS = 1000 Acc. rate = 82.80% Uniqueness rate particules = 100.0% Uniqueness rate components = 100.0% Global parameters uniqueness rate = 100.0%
Maximum number of iterations reached

Iteration 36: Espilon = 132934.9461, ESS = 1000 Acc. rate = 83.30% Uniqueness rate particules = 100.0% Uniqueness rate components = 100.0% Global parameters uniqueness rate = 100.0%
Maximum number of iterations reached

Iteration 37: Espilon = 132934.9461, ESS = 1000 Acc. rate = 83.00% Uniqueness rate particules = 100.0% Uniqueness rate components = 100.0% Global parameters uniqueness rate = 100.0%
Maximum number of iterations reached

Iteration 38: Espilon = 132934.9461, ESS = 1000 Acc. rate = 81.90% Uniqueness rate particules = 100.0% Uniqueness rate components = 100.0% Global parameters uniqueness rate = 100.0%
Maximum number of iterations reached

Iteration 39: Espilon = 132934.9461, ESS = 1000 Acc. rate = 83.90% Uniqueness rate particules = 100.0% Uniqueness rate components = 100.0% Global parameters uniqueness rate = 100.0%
Maximum number of iterations reached

Iteration 40: Espilon = 132934.9461, ESS = 1000 Acc. rate = 80.00% Uniqueness rate particules = 100.0% Uniqueness rate components = 100.0% Global parameters uniqueness rate = 100.0%
Maximum number of iterations reached

Iteration 41: Espilon = 132934.9461, ESS = 1000 Acc. rate = 84.60% Uniqueness rate particules = 100.0% Uniqueness rate components = 100.0% Global parameters uniqueness rate = 100.0%
Maximum number of iterations reached

Iteration 42: Espilon = 132934.9461, ESS = 1000 Acc. rate = 82.60% Uniqueness rate particules = 100.0% Uniqueness rate components = 100.0% Global parameters uniqueness rate = 100.0%
Maximum number of iterations reached

Iteration 43: Espilon = 132934.9461, ESS = 1000 Acc. rate = 81.50% Uniqueness rate particules = 100.0% Uniqueness rate components = 100.0% Global parameters uniqueness rate = 100.0%
Maximum number of iterations reached

Iteration 44: Espilon = 132934.9461, ESS = 1000 Acc. rate = 81.70% Uniqueness rate particules = 100.0% Uniqueness rate components = 100.0% Global parameters uniqueness rate = 100.0%
Maximum number of iterations reached

Iteration 45: Espilon = 132934.9461, ESS = 1000 Acc. rate = 82.30% Uniqueness rate particules = 100.0% Uniqueness rate components = 100.0% Global parameters uniqueness rate = 100.0%
Maximum number of iterations reached

Iteration 46: Espilon = 132934.9461, ESS = 1000 Acc. rate = 81.70% Uniqueness rate particules = 100.0% Uniqueness rate components = 100.0% Global parameters uniqueness rate = 100.0%
Maximum number of iterations reached

Iteration 47: Espilon = 132934.9461, ESS = 1000 Acc. rate = 81.90% Uniqueness rate particules = 100.0% Uniqueness rate components = 100.0% Global parameters uniqueness rate = 100.0%
Maximum number of iterations reached

Iteration 48: Espilon = 132934.9461, ESS = 1000 Acc. rate = 83.10% Uniqueness rate particules = 100.0% Uniqueness rate components = 100.0% Global parameters uniqueness rate = 100.0%
Maximum number of iterations reached

Iteration 49: Espilon = 132934.9461, ESS = 1000 Acc. rate = 83.00% Uniqueness rate particules = 100.0% Uniqueness rate components = 100.0% Global parameters uniqueness rate = 100.0%
Maximum number of iterations reached

Iteration 50: Espilon = 132934.9461, ESS = 1000 Acc. rate = 84.20% Uniqueness rate particules = 100.0% Uniqueness rate components = 100.0% Global parameters uniqueness rate = 100.0%
Maximum number of iterations reached

Iteration 51: Espilon = 132934.9461, ESS = 1000 Acc. rate = 84.30% Uniqueness rate particules = 100.0% Uniqueness rate components = 100.0% Global parameters uniqueness rate = 100.0%
Maximum number of iterations reached

Iteration 52: Espilon = 132934.9461, ESS = 1000 Acc. rate = 84.30% Uniqueness rate particules = 100.0% Uniqueness rate components = 100.0% Global parameters uniqueness rate = 100.0%
Maximum number of iterations reached

Iteration 53: Espilon = 132934.9461, ESS = 1000 Acc. rate = 81.90% Uniqueness rate particules = 100.0% Uniqueness rate components = 100.0% Global parameters uniqueness rate = 100.0%
Maximum number of iterations reached

Iteration 54: Espilon = 132934.9461, ESS = 1000 Acc. rate = 83.90% Uniqueness rate particules = 100.0% Uniqueness rate components = 100.0% Global parameters uniqueness rate = 100.0%
Maximum number of iterations reached

Iteration 55: Espilon = 132934.9461, ESS = 1000 Acc. rate = 82.80% Uniqueness rate particules = 100.0% Uniqueness rate components = 100.0% Global parameters uniqueness rate = 100.0%
Maximum number of iterations reached

Iteration 56: Espilon = 132934.9461, ESS = 1000 Acc. rate = 83.80% Uniqueness rate particules = 100.0% Uniqueness rate components = 100.0% Global parameters uniqueness rate = 100.0%
Maximum number of iterations reached

Iteration 57: Espilon = 132934.9461, ESS = 1000 Acc. rate = 84.70% Uniqueness rate particules = 100.0% Uniqueness rate components = 100.0% Global parameters uniqueness rate = 100.0%
Maximum number of iterations reached

Iteration 58: Espilon = 132934.9461, ESS = 1000 Acc. rate = 82.60% Uniqueness rate particules = 100.0% Uniqueness rate components = 100.0% Global parameters uniqueness rate = 100.0%
Maximum number of iterations reached

Iteration 59: Espilon = 132934.9461, ESS = 1000 Acc. rate = 82.30% Uniqueness rate particules = 100.0% Uniqueness rate components = 100.0% Global parameters uniqueness rate = 100.0%
Maximum number of iterations reached

Iteration 60: Espilon = 132934.9461, ESS = 1000 Acc. rate = 82.60% Uniqueness rate particules = 100.0% Uniqueness rate components = 100.0% Global parameters uniqueness rate = 100.0%
Maximum number of iterations reached

Iteration 61: Espilon = 132934.9461, ESS = 1000 Acc. rate = 84.20% Uniqueness rate particules = 100.0% Uniqueness rate components = 100.0% Global parameters uniqueness rate = 100.0%
Maximum number of iterations reached

Iteration 62: Espilon = 132934.9461, ESS = 1000 Acc. rate = 82.60% Uniqueness rate particules = 100.0% Uniqueness rate components = 100.0% Global parameters uniqueness rate = 100.0%
Maximum number of iterations reached

Iteration 63: Espilon = 132934.9461, ESS = 1000 Acc. rate = 83.70% Uniqueness rate particules = 100.0% Uniqueness rate components = 100.0% Global parameters uniqueness rate = 100.0%
Maximum number of iterations reached

Iteration 64: Espilon = 132934.9461, ESS = 1000 Acc. rate = 80.90% Uniqueness rate particules = 100.0% Uniqueness rate components = 100.0% Global parameters uniqueness rate = 100.0%
Maximum number of iterations reached

Iteration 65: Espilon = 132934.9461, ESS = 1000 Acc. rate = 84.20% Uniqueness rate particules = 100.0% Uniqueness rate components = 100.0% Global parameters uniqueness rate = 100.0%
Maximum number of iterations reached

Iteration 66: Espilon = 132934.9461, ESS = 1000 Acc. rate = 83.70% Uniqueness rate particules = 100.0% Uniqueness rate components = 100.0% Global parameters uniqueness rate = 100.0%
Maximum number of iterations reached

Iteration 67: Espilon = 132934.9461, ESS = 1000 Acc. rate = 82.30% Uniqueness rate particules = 100.0% Uniqueness rate components = 100.0% Global parameters uniqueness rate = 100.0%
Maximum number of iterations reached

Iteration 68: Espilon = 132934.9461, ESS = 1000 Acc. rate = 83.80% Uniqueness rate particules = 100.0% Uniqueness rate components = 100.0% Global parameters uniqueness rate = 100.0%
Maximum number of iterations reached

Iteration 69: Espilon = 132934.9461, ESS = 1000 Acc. rate = 85.00% Uniqueness rate particules = 100.0% Uniqueness rate components = 100.0% Global parameters uniqueness rate = 100.0%
Maximum number of iterations reached

Iteration 70: Espilon = 132934.9461, ESS = 1000 Acc. rate = 85.10% Uniqueness rate particules = 100.0% Uniqueness rate components = 100.0% Global parameters uniqueness rate = 100.0%
Maximum number of iterations reached

Iteration 71: Espilon = 132934.9461, ESS = 1000 Acc. rate = 84.30% Uniqueness rate particules = 100.0% Uniqueness rate components = 100.0% Global parameters uniqueness rate = 100.0%
Maximum number of iterations reached

Iteration 72: Espilon = 132934.9461, ESS = 1000 Acc. rate = 83.30% Uniqueness rate particules = 100.0% Uniqueness rate components = 100.0% Global parameters uniqueness rate = 100.0%
Maximum number of iterations reached

Iteration 73: Espilon = 132934.9461, ESS = 1000 Acc. rate = 84.30% Uniqueness rate particules = 100.0% Uniqueness rate components = 100.0% Global parameters uniqueness rate = 100.0%
Maximum number of iterations reached

Iteration 74: Espilon = 132934.9461, ESS = 1000 Acc. rate = 84.60% Uniqueness rate particules = 100.0% Uniqueness rate components = 100.0% Global parameters uniqueness rate = 100.0%
Maximum number of iterations reached

Iteration 75: Espilon = 132934.9461, ESS = 1000 Acc. rate = 83.20% Uniqueness rate particules = 100.0% Uniqueness rate components = 100.0% Global parameters uniqueness rate = 100.0%
Maximum number of iterations reached

Iteration 76: Espilon = 132934.9461, ESS = 1000 Acc. rate = 84.50% Uniqueness rate particules = 100.0% Uniqueness rate components = 100.0% Global parameters uniqueness rate = 100.0%
Maximum number of iterations reached

Iteration 77: Espilon = 132934.9461, ESS = 1000 Acc. rate = 84.50% Uniqueness rate particules = 100.0% Uniqueness rate components = 100.0% Global parameters uniqueness rate = 100.0%
Maximum number of iterations reached

Iteration 78: Espilon = 132934.9461, ESS = 1000 Acc. rate = 84.70% Uniqueness rate particules = 100.0% Uniqueness rate components = 100.0% Global parameters uniqueness rate = 100.0%
Maximum number of iterations reached

Iteration 79: Espilon = 132934.9461, ESS = 1000 Acc. rate = 83.50% Uniqueness rate particules = 100.0% Uniqueness rate components = 100.0% Global parameters uniqueness rate = 100.0%
Maximum number of iterations reached

Iteration 80: Espilon = 132934.9461, ESS = 1000 Acc. rate = 82.30% Uniqueness rate particules = 100.0% Uniqueness rate components = 100.0% Global parameters uniqueness rate = 100.0%
Maximum number of iterations reached

Iteration 81: Espilon = 132934.9461, ESS = 1000 Acc. rate = 84.10% Uniqueness rate particules = 100.0% Uniqueness rate components = 100.0% Global parameters uniqueness rate = 100.0%
Maximum number of iterations reached

Iteration 82: Espilon = 132934.9461, ESS = 1000 Acc. rate = 81.70% Uniqueness rate particules = 100.0% Uniqueness rate components = 100.0% Global parameters uniqueness rate = 100.0%
Maximum number of iterations reached

Iteration 83: Espilon = 132934.9461, ESS = 1000 Acc. rate = 82.40% Uniqueness rate particules = 100.0% Uniqueness rate components = 100.0% Global parameters uniqueness rate = 100.0%
Maximum number of iterations reached

Iteration 84: Espilon = 132934.9461, ESS = 1000 Acc. rate = 80.80% Uniqueness rate particules = 100.0% Uniqueness rate components = 100.0% Global parameters uniqueness rate = 100.0%
Maximum number of iterations reached

Iteration 85: Espilon = 132934.9461, ESS = 1000 Acc. rate = 83.20% Uniqueness rate particules = 100.0% Uniqueness rate components = 100.0% Global parameters uniqueness rate = 100.0%
Maximum number of iterations reached

Iteration 86: Espilon = 132934.9461, ESS = 1000 Acc. rate = 83.60% Uniqueness rate particules = 100.0% Uniqueness rate components = 100.0% Global parameters uniqueness rate = 100.0%
Maximum number of iterations reached

Iteration 87: Espilon = 132934.9461, ESS = 1000 Acc. rate = 82.40% Uniqueness rate particules = 100.0% Uniqueness rate components = 100.0% Global parameters uniqueness rate = 100.0%
Maximum number of iterations reached

Iteration 88: Espilon = 132934.9461, ESS = 1000 Acc. rate = 82.00% Uniqueness rate particules = 100.0% Uniqueness rate components = 100.0% Global parameters uniqueness rate = 100.0%
Maximum number of iterations reached

Iteration 89: Espilon = 132934.9461, ESS = 1000 Acc. rate = 83.70% Uniqueness rate particules = 100.0% Uniqueness rate components = 100.0% Global parameters uniqueness rate = 100.0%
Maximum number of iterations reached

Iteration 90: Espilon = 132934.9461, ESS = 1000 Acc. rate = 84.30% Uniqueness rate particules = 100.0% Uniqueness rate components = 100.0% Global parameters uniqueness rate = 100.0%
Maximum number of iterations reached

Iteration 91: Espilon = 132934.9461, ESS = 1000 Acc. rate = 84.90% Uniqueness rate particules = 100.0% Uniqueness rate components = 100.0% Global parameters uniqueness rate = 100.0%
Maximum number of iterations reached

Iteration 92: Espilon = 132934.9461, ESS = 1000 Acc. rate = 84.30% Uniqueness rate particules = 100.0% Uniqueness rate components = 100.0% Global parameters uniqueness rate = 100.0%
Maximum number of iterations reached

Iteration 93: Espilon = 132934.9461, ESS = 1000 Acc. rate = 81.80% Uniqueness rate particules = 100.0% Uniqueness rate components = 100.0% Global parameters uniqueness rate = 100.0%
Maximum number of iterations reached

Iteration 94: Espilon = 132934.9461, ESS = 1000 Acc. rate = 84.00% Uniqueness rate particules = 100.0% Uniqueness rate components = 100.0% Global parameters uniqueness rate = 100.0%
Maximum number of iterations reached

Iteration 95: Espilon = 132934.9461, ESS = 1000 Acc. rate = 83.10% Uniqueness rate particules = 100.0% Uniqueness rate components = 100.0% Global parameters uniqueness rate = 100.0%
Maximum number of iterations reached

Iteration 96: Espilon = 132934.9461, ESS = 1000 Acc. rate = 80.70% Uniqueness rate particules = 100.0% Uniqueness rate components = 100.0% Global parameters uniqueness rate = 100.0%
Maximum number of iterations reached

Iteration 97: Espilon = 132934.9461, ESS = 1000 Acc. rate = 81.70% Uniqueness rate particules = 100.0% Uniqueness rate components = 100.0% Global parameters uniqueness rate = 100.0%
Maximum number of iterations reached

Iteration 98: Espilon = 132934.9461, ESS = 1000 Acc. rate = 81.10% Uniqueness rate particules = 100.0% Uniqueness rate components = 100.0% Global parameters uniqueness rate = 100.0%
Maximum number of iterations reached

Iteration 99: Espilon = 132934.9461, ESS = 1000 Acc. rate = 83.90% Uniqueness rate particules = 100.0% Uniqueness rate components = 100.0% Global parameters uniqueness rate = 100.0%
Maximum number of iterations reached

Iteration 100: Espilon = 132934.9461, ESS = 1000 Acc. rate = 80.70% Uniqueness rate particules = 100.0% Uniqueness rate components = 100.0% Global parameters uniqueness rate = 100.0%
Maximum number of iterations reached

Iteration 101: Espilon = 132934.9461, ESS = 1000 Acc. rate = 84.60% Uniqueness rate particules = 100.0% Uniqueness rate components = 100.0% Global parameters uniqueness rate = 100.0%
Maximum number of iterations reached

Iteration 102: Espilon = 132934.9461, ESS = 1000 Acc. rate = 82.90% Uniqueness rate particules = 100.0% Uniqueness rate components = 100.0% Global parameters uniqueness rate = 100.0%
Maximum number of iterations reached

False
Iteration 0: Epsilon = inf, ESS = 1000 Acc. rate = 100% Numb. unique particles = 1000
Iteration 2: Espilon = 26771.9293, ESS = 950 Acc. rate = 75.53% Uniqueness rate particules = 100.0% Uniqueness rate components = 100.0% Global parameters uniqueness rate = 100.0%
Maximum number of iterations reached

Resampling... 950 unique particles left
Iteration 3: Espilon = 26771.9293, ESS = 1000 Acc. rate = 74.98% Uniqueness rate particules = 100.0% Uniqueness rate components = 98.9% Global parameters uniqueness rate = 100.0%
Maximum number of iterations reached

Iteration 4: Espilon = 26771.9293, ESS = 1000 Acc. rate = 75.90% Uniqueness rate particules = 100.0% Uniqueness rate components = 99.8% Global parameters uniqueness rate = 100.0%
Maximum number of iterations reached

Iteration 5: Espilon = 26771.9293, ESS = 1000 Acc. rate = 76.48% Uniqueness rate particules = 100.0% Uniqueness rate components = 100.0% Global parameters uniqueness rate = 100.0%
Maximum number of iterations reached

Iteration 6: Espilon = 26771.9293, ESS = 1000 Acc. rate = 74.45% Uniqueness rate particules = 100.0% Uniqueness rate components = 100.0% Global parameters uniqueness rate = 100.0%
Maximum number of iterations reached

Iteration 7: Espilon = 26771.9293, ESS = 1000 Acc. rate = 75.17% Uniqueness rate particules = 100.0% Uniqueness rate components = 100.0% Global parameters uniqueness rate = 100.0%
Maximum number of iterations reached

Iteration 8: Espilon = 26771.9293, ESS = 1000 Acc. rate = 75.67% Uniqueness rate particules = 100.0% Uniqueness rate components = 100.0% Global parameters uniqueness rate = 100.0%
Maximum number of iterations reached

Iteration 9: Espilon = 26771.9293, ESS = 1000 Acc. rate = 76.02% Uniqueness rate particules = 100.0% Uniqueness rate components = 100.0% Global parameters uniqueness rate = 100.0%
Maximum number of iterations reached

Iteration 10: Espilon = 26771.9293, ESS = 1000 Acc. rate = 75.70% Uniqueness rate particules = 100.0% Uniqueness rate components = 100.0% Global parameters uniqueness rate = 100.0%
Maximum number of iterations reached

Iteration 11: Espilon = 26771.9293, ESS = 1000 Acc. rate = 75.92% Uniqueness rate particules = 100.0% Uniqueness rate components = 100.0% Global parameters uniqueness rate = 100.0%
Maximum number of iterations reached

Iteration 12: Espilon = 26771.9293, ESS = 1000 Acc. rate = 75.50% Uniqueness rate particules = 100.0% Uniqueness rate components = 100.0% Global parameters uniqueness rate = 100.0%
Maximum number of iterations reached

Iteration 13: Espilon = 26771.9293, ESS = 1000 Acc. rate = 75.85% Uniqueness rate particules = 100.0% Uniqueness rate components = 100.0% Global parameters uniqueness rate = 100.0%
Maximum number of iterations reached

Iteration 14: Espilon = 26771.9293, ESS = 1000 Acc. rate = 75.80% Uniqueness rate particules = 100.0% Uniqueness rate components = 100.0% Global parameters uniqueness rate = 100.0%
Maximum number of iterations reached

Iteration 15: Espilon = 26771.9293, ESS = 1000 Acc. rate = 75.28% Uniqueness rate particules = 100.0% Uniqueness rate components = 100.0% Global parameters uniqueness rate = 100.0%
Maximum number of iterations reached

Iteration 16: Espilon = 26771.9293, ESS = 1000 Acc. rate = 76.20% Uniqueness rate particules = 100.0% Uniqueness rate components = 100.0% Global parameters uniqueness rate = 100.0%
Maximum number of iterations reached

Iteration 17: Espilon = 26771.9293, ESS = 1000 Acc. rate = 75.95% Uniqueness rate particules = 100.0% Uniqueness rate components = 100.0% Global parameters uniqueness rate = 100.0%
Maximum number of iterations reached

Iteration 18: Espilon = 26771.9293, ESS = 1000 Acc. rate = 75.52% Uniqueness rate particules = 100.0% Uniqueness rate components = 100.0% Global parameters uniqueness rate = 100.0%
Maximum number of iterations reached

Iteration 19: Espilon = 26771.9293, ESS = 1000 Acc. rate = 76.12% Uniqueness rate particules = 100.0% Uniqueness rate components = 100.0% Global parameters uniqueness rate = 100.0%
Maximum number of iterations reached

Iteration 20: Espilon = 26771.9293, ESS = 1000 Acc. rate = 76.83% Uniqueness rate particules = 100.0% Uniqueness rate components = 100.0% Global parameters uniqueness rate = 100.0%
Maximum number of iterations reached

Iteration 21: Espilon = 26771.9293, ESS = 1000 Acc. rate = 76.50% Uniqueness rate particules = 100.0% Uniqueness rate components = 100.0% Global parameters uniqueness rate = 100.0%
Maximum number of iterations reached

Iteration 22: Espilon = 26771.9293, ESS = 1000 Acc. rate = 75.78% Uniqueness rate particules = 100.0% Uniqueness rate components = 100.0% Global parameters uniqueness rate = 100.0%
Maximum number of iterations reached

Iteration 23: Espilon = 26771.9293, ESS = 1000 Acc. rate = 76.00% Uniqueness rate particules = 100.0% Uniqueness rate components = 100.0% Global parameters uniqueness rate = 100.0%
Maximum number of iterations reached

Iteration 24: Espilon = 26771.9293, ESS = 1000 Acc. rate = 77.00% Uniqueness rate particules = 100.0% Uniqueness rate components = 100.0% Global parameters uniqueness rate = 100.0%
Maximum number of iterations reached

Iteration 25: Espilon = 26771.9293, ESS = 1000 Acc. rate = 75.75% Uniqueness rate particules = 100.0% Uniqueness rate components = 100.0% Global parameters uniqueness rate = 100.0%
Maximum number of iterations reached

Iteration 26: Espilon = 26771.9293, ESS = 1000 Acc. rate = 76.05% Uniqueness rate particules = 100.0% Uniqueness rate components = 100.0% Global parameters uniqueness rate = 100.0%
Maximum number of iterations reached

Iteration 27: Espilon = 26771.9293, ESS = 1000 Acc. rate = 75.88% Uniqueness rate particules = 100.0% Uniqueness rate components = 100.0% Global parameters uniqueness rate = 100.0%
Maximum number of iterations reached

Iteration 28: Espilon = 26771.9293, ESS = 1000 Acc. rate = 76.68% Uniqueness rate particules = 100.0% Uniqueness rate components = 100.0% Global parameters uniqueness rate = 100.0%
Maximum number of iterations reached

Iteration 29: Espilon = 26771.9293, ESS = 1000 Acc. rate = 75.85% Uniqueness rate particules = 100.0% Uniqueness rate components = 100.0% Global parameters uniqueness rate = 100.0%
Maximum number of iterations reached

Iteration 30: Espilon = 26771.9293, ESS = 1000 Acc. rate = 75.85% Uniqueness rate particules = 100.0% Uniqueness rate components = 100.0% Global parameters uniqueness rate = 100.0%
Maximum number of iterations reached

Iteration 31: Espilon = 26771.9293, ESS = 1000 Acc. rate = 75.67% Uniqueness rate particules = 100.0% Uniqueness rate components = 100.0% Global parameters uniqueness rate = 100.0%
Maximum number of iterations reached

Iteration 32: Espilon = 26771.9293, ESS = 1000 Acc. rate = 75.45% Uniqueness rate particules = 100.0% Uniqueness rate components = 100.0% Global parameters uniqueness rate = 100.0%
Maximum number of iterations reached

Iteration 33: Espilon = 26771.9293, ESS = 1000 Acc. rate = 75.58% Uniqueness rate particules = 100.0% Uniqueness rate components = 100.0% Global parameters uniqueness rate = 100.0%
Maximum number of iterations reached

Iteration 34: Espilon = 26771.9293, ESS = 1000 Acc. rate = 76.05% Uniqueness rate particules = 100.0% Uniqueness rate components = 100.0% Global parameters uniqueness rate = 100.0%
Maximum number of iterations reached

Iteration 35: Espilon = 26771.9293, ESS = 1000 Acc. rate = 76.40% Uniqueness rate particules = 100.0% Uniqueness rate components = 100.0% Global parameters uniqueness rate = 100.0%
Maximum number of iterations reached

Iteration 36: Espilon = 26771.9293, ESS = 1000 Acc. rate = 75.98% Uniqueness rate particules = 100.0% Uniqueness rate components = 100.0% Global parameters uniqueness rate = 100.0%
Maximum number of iterations reached

Iteration 37: Espilon = 26771.9293, ESS = 1000 Acc. rate = 76.10% Uniqueness rate particules = 100.0% Uniqueness rate components = 100.0% Global parameters uniqueness rate = 100.0%
Maximum number of iterations reached

Iteration 38: Espilon = 26771.9293, ESS = 1000 Acc. rate = 77.00% Uniqueness rate particules = 100.0% Uniqueness rate components = 100.0% Global parameters uniqueness rate = 100.0%
Maximum number of iterations reached

Iteration 39: Espilon = 26771.9293, ESS = 1000 Acc. rate = 76.90% Uniqueness rate particules = 100.0% Uniqueness rate components = 100.0% Global parameters uniqueness rate = 100.0%
Maximum number of iterations reached

Iteration 40: Espilon = 26771.9293, ESS = 1000 Acc. rate = 75.05% Uniqueness rate particules = 100.0% Uniqueness rate components = 100.0% Global parameters uniqueness rate = 100.0%
Maximum number of iterations reached

Iteration 41: Espilon = 26771.9293, ESS = 1000 Acc. rate = 76.83% Uniqueness rate particules = 100.0% Uniqueness rate components = 100.0% Global parameters uniqueness rate = 100.0%
Maximum number of iterations reached

Iteration 42: Espilon = 26771.9293, ESS = 1000 Acc. rate = 75.45% Uniqueness rate particules = 100.0% Uniqueness rate components = 100.0% Global parameters uniqueness rate = 100.0%
Maximum number of iterations reached

Iteration 43: Espilon = 26771.9293, ESS = 1000 Acc. rate = 77.03% Uniqueness rate particules = 100.0% Uniqueness rate components = 100.0% Global parameters uniqueness rate = 100.0%
Maximum number of iterations reached

Iteration 44: Espilon = 26771.9293, ESS = 1000 Acc. rate = 75.70% Uniqueness rate particules = 100.0% Uniqueness rate components = 100.0% Global parameters uniqueness rate = 100.0%
Maximum number of iterations reached

Iteration 45: Espilon = 26771.9293, ESS = 1000 Acc. rate = 75.78% Uniqueness rate particules = 100.0% Uniqueness rate components = 100.0% Global parameters uniqueness rate = 100.0%
Maximum number of iterations reached

Iteration 46: Espilon = 26771.9293, ESS = 1000 Acc. rate = 75.48% Uniqueness rate particules = 100.0% Uniqueness rate components = 100.0% Global parameters uniqueness rate = 100.0%
Maximum number of iterations reached

Iteration 47: Espilon = 26771.9293, ESS = 1000 Acc. rate = 75.98% Uniqueness rate particules = 100.0% Uniqueness rate components = 100.0% Global parameters uniqueness rate = 100.0%
Maximum number of iterations reached

Iteration 48: Espilon = 26771.9293, ESS = 1000 Acc. rate = 76.30% Uniqueness rate particules = 100.0% Uniqueness rate components = 100.0% Global parameters uniqueness rate = 100.0%
Maximum number of iterations reached

Iteration 49: Espilon = 26771.9293, ESS = 1000 Acc. rate = 75.35% Uniqueness rate particules = 100.0% Uniqueness rate components = 100.0% Global parameters uniqueness rate = 100.0%
Maximum number of iterations reached

Iteration 50: Espilon = 26771.9293, ESS = 1000 Acc. rate = 76.20% Uniqueness rate particules = 100.0% Uniqueness rate components = 100.0% Global parameters uniqueness rate = 100.0%
Maximum number of iterations reached

Iteration 51: Espilon = 26771.9293, ESS = 1000 Acc. rate = 74.92% Uniqueness rate particules = 100.0% Uniqueness rate components = 100.0% Global parameters uniqueness rate = 100.0%
Maximum number of iterations reached

Iteration 52: Espilon = 26771.9293, ESS = 1000 Acc. rate = 76.17% Uniqueness rate particules = 100.0% Uniqueness rate components = 100.0% Global parameters uniqueness rate = 100.0%
Maximum number of iterations reached

Iteration 53: Espilon = 26771.9293, ESS = 1000 Acc. rate = 76.48% Uniqueness rate particules = 100.0% Uniqueness rate components = 100.0% Global parameters uniqueness rate = 100.0%
Maximum number of iterations reached

Iteration 54: Espilon = 26771.9293, ESS = 1000 Acc. rate = 75.90% Uniqueness rate particules = 100.0% Uniqueness rate components = 100.0% Global parameters uniqueness rate = 100.0%
Maximum number of iterations reached

Iteration 55: Espilon = 26771.9293, ESS = 1000 Acc. rate = 76.05% Uniqueness rate particules = 100.0% Uniqueness rate components = 100.0% Global parameters uniqueness rate = 100.0%
Maximum number of iterations reached

Iteration 56: Espilon = 26771.9293, ESS = 1000 Acc. rate = 76.30% Uniqueness rate particules = 100.0% Uniqueness rate components = 100.0% Global parameters uniqueness rate = 100.0%
Maximum number of iterations reached

Iteration 57: Espilon = 26771.9293, ESS = 1000 Acc. rate = 75.05% Uniqueness rate particules = 100.0% Uniqueness rate components = 100.0% Global parameters uniqueness rate = 100.0%
Maximum number of iterations reached

Iteration 58: Espilon = 26771.9293, ESS = 1000 Acc. rate = 76.35% Uniqueness rate particules = 100.0% Uniqueness rate components = 100.0% Global parameters uniqueness rate = 100.0%
Maximum number of iterations reached

Iteration 59: Espilon = 26771.9293, ESS = 1000 Acc. rate = 74.80% Uniqueness rate particules = 100.0% Uniqueness rate components = 100.0% Global parameters uniqueness rate = 100.0%
Maximum number of iterations reached

Iteration 60: Espilon = 26771.9293, ESS = 1000 Acc. rate = 75.83% Uniqueness rate particules = 100.0% Uniqueness rate components = 100.0% Global parameters uniqueness rate = 100.0%
Maximum number of iterations reached

Iteration 61: Espilon = 26771.9293, ESS = 1000 Acc. rate = 75.17% Uniqueness rate particules = 100.0% Uniqueness rate components = 100.0% Global parameters uniqueness rate = 100.0%
Maximum number of iterations reached

Iteration 62: Espilon = 26771.9293, ESS = 1000 Acc. rate = 75.62% Uniqueness rate particules = 100.0% Uniqueness rate components = 100.0% Global parameters uniqueness rate = 100.0%
Maximum number of iterations reached

Iteration 63: Espilon = 26771.9293, ESS = 1000 Acc. rate = 77.18% Uniqueness rate particules = 100.0% Uniqueness rate components = 100.0% Global parameters uniqueness rate = 100.0%
Maximum number of iterations reached

Iteration 64: Espilon = 26771.9293, ESS = 1000 Acc. rate = 75.65% Uniqueness rate particules = 100.0% Uniqueness rate components = 100.0% Global parameters uniqueness rate = 100.0%
Maximum number of iterations reached

Iteration 65: Espilon = 26771.9293, ESS = 1000 Acc. rate = 75.90% Uniqueness rate particules = 100.0% Uniqueness rate components = 100.0% Global parameters uniqueness rate = 100.0%
Maximum number of iterations reached

Iteration 66: Espilon = 26771.9293, ESS = 1000 Acc. rate = 75.22% Uniqueness rate particules = 100.0% Uniqueness rate components = 100.0% Global parameters uniqueness rate = 100.0%
Maximum number of iterations reached

Iteration 67: Espilon = 26771.9293, ESS = 1000 Acc. rate = 75.75% Uniqueness rate particules = 100.0% Uniqueness rate components = 100.0% Global parameters uniqueness rate = 100.0%
Maximum number of iterations reached

Iteration 68: Espilon = 26771.9293, ESS = 1000 Acc. rate = 76.65% Uniqueness rate particules = 100.0% Uniqueness rate components = 100.0% Global parameters uniqueness rate = 100.0%
Maximum number of iterations reached

Iteration 69: Espilon = 26771.9293, ESS = 1000 Acc. rate = 76.40% Uniqueness rate particules = 100.0% Uniqueness rate components = 100.0% Global parameters uniqueness rate = 100.0%
Maximum number of iterations reached

Iteration 70: Espilon = 26771.9293, ESS = 1000 Acc. rate = 75.65% Uniqueness rate particules = 100.0% Uniqueness rate components = 100.0% Global parameters uniqueness rate = 100.0%
Maximum number of iterations reached

Iteration 71: Espilon = 26771.9293, ESS = 1000 Acc. rate = 75.17% Uniqueness rate particules = 100.0% Uniqueness rate components = 100.0% Global parameters uniqueness rate = 100.0%
Maximum number of iterations reached

Iteration 72: Espilon = 26771.9293, ESS = 1000 Acc. rate = 74.98% Uniqueness rate particules = 100.0% Uniqueness rate components = 100.0% Global parameters uniqueness rate = 100.0%
Maximum number of iterations reached

Iteration 73: Espilon = 26771.9293, ESS = 1000 Acc. rate = 75.28% Uniqueness rate particules = 100.0% Uniqueness rate components = 100.0% Global parameters uniqueness rate = 100.0%
Maximum number of iterations reached

Iteration 74: Espilon = 26771.9293, ESS = 1000 Acc. rate = 75.83% Uniqueness rate particules = 100.0% Uniqueness rate components = 100.0% Global parameters uniqueness rate = 100.0%
Maximum number of iterations reached

Iteration 75: Espilon = 26771.9293, ESS = 1000 Acc. rate = 74.65% Uniqueness rate particules = 100.0% Uniqueness rate components = 100.0% Global parameters uniqueness rate = 100.0%
Maximum number of iterations reached

Iteration 76: Espilon = 26771.9293, ESS = 1000 Acc. rate = 76.25% Uniqueness rate particules = 100.0% Uniqueness rate components = 100.0% Global parameters uniqueness rate = 100.0%
Maximum number of iterations reached

Iteration 77: Espilon = 26771.9293, ESS = 1000 Acc. rate = 75.80% Uniqueness rate particules = 100.0% Uniqueness rate components = 100.0% Global parameters uniqueness rate = 100.0%
Maximum number of iterations reached

Iteration 78: Espilon = 26771.9293, ESS = 1000 Acc. rate = 74.92% Uniqueness rate particules = 100.0% Uniqueness rate components = 100.0% Global parameters uniqueness rate = 100.0%
Maximum number of iterations reached

Iteration 79: Espilon = 26771.9293, ESS = 1000 Acc. rate = 74.30% Uniqueness rate particules = 100.0% Uniqueness rate components = 100.0% Global parameters uniqueness rate = 100.0%
Maximum number of iterations reached

Iteration 80: Espilon = 26771.9293, ESS = 1000 Acc. rate = 74.75% Uniqueness rate particules = 100.0% Uniqueness rate components = 100.0% Global parameters uniqueness rate = 100.0%
Maximum number of iterations reached

Iteration 81: Espilon = 26771.9293, ESS = 1000 Acc. rate = 74.42% Uniqueness rate particules = 100.0% Uniqueness rate components = 100.0% Global parameters uniqueness rate = 100.0%
Maximum number of iterations reached

Iteration 82: Espilon = 26771.9293, ESS = 1000 Acc. rate = 75.60% Uniqueness rate particules = 100.0% Uniqueness rate components = 100.0% Global parameters uniqueness rate = 100.0%
Maximum number of iterations reached

Iteration 83: Espilon = 26771.9293, ESS = 1000 Acc. rate = 75.45% Uniqueness rate particules = 100.0% Uniqueness rate components = 100.0% Global parameters uniqueness rate = 100.0%
Maximum number of iterations reached

Iteration 84: Espilon = 26771.9293, ESS = 1000 Acc. rate = 75.40% Uniqueness rate particules = 100.0% Uniqueness rate components = 100.0% Global parameters uniqueness rate = 100.0%
Maximum number of iterations reached

Iteration 85: Espilon = 26771.9293, ESS = 1000 Acc. rate = 75.00% Uniqueness rate particules = 100.0% Uniqueness rate components = 100.0% Global parameters uniqueness rate = 100.0%
Maximum number of iterations reached

Iteration 86: Espilon = 26771.9293, ESS = 1000 Acc. rate = 74.70% Uniqueness rate particules = 100.0% Uniqueness rate components = 100.0% Global parameters uniqueness rate = 100.0%
Maximum number of iterations reached

Iteration 87: Espilon = 26771.9293, ESS = 1000 Acc. rate = 75.80% Uniqueness rate particules = 100.0% Uniqueness rate components = 100.0% Global parameters uniqueness rate = 100.0%
Maximum number of iterations reached

Iteration 88: Espilon = 26771.9293, ESS = 1000 Acc. rate = 75.80% Uniqueness rate particules = 100.0% Uniqueness rate components = 100.0% Global parameters uniqueness rate = 100.0%
Maximum number of iterations reached

Iteration 89: Espilon = 26771.9293, ESS = 1000 Acc. rate = 74.72% Uniqueness rate particules = 100.0% Uniqueness rate components = 100.0% Global parameters uniqueness rate = 100.0%
Maximum number of iterations reached

Iteration 90: Espilon = 26771.9293, ESS = 1000 Acc. rate = 75.42% Uniqueness rate particules = 100.0% Uniqueness rate components = 100.0% Global parameters uniqueness rate = 100.0%
Maximum number of iterations reached

Iteration 91: Espilon = 26771.9293, ESS = 1000 Acc. rate = 75.75% Uniqueness rate particules = 100.0% Uniqueness rate components = 100.0% Global parameters uniqueness rate = 100.0%
Maximum number of iterations reached

Iteration 92: Espilon = 26771.9293, ESS = 1000 Acc. rate = 76.45% Uniqueness rate particules = 100.0% Uniqueness rate components = 100.0% Global parameters uniqueness rate = 100.0%
Maximum number of iterations reached

Iteration 93: Espilon = 26771.9293, ESS = 1000 Acc. rate = 77.08% Uniqueness rate particules = 100.0% Uniqueness rate components = 100.0% Global parameters uniqueness rate = 100.0%
Maximum number of iterations reached

Iteration 94: Espilon = 26771.9293, ESS = 1000 Acc. rate = 76.15% Uniqueness rate particules = 100.0% Uniqueness rate components = 100.0% Global parameters uniqueness rate = 100.0%
Maximum number of iterations reached

Iteration 95: Espilon = 26771.9293, ESS = 1000 Acc. rate = 76.78% Uniqueness rate particules = 100.0% Uniqueness rate components = 100.0% Global parameters uniqueness rate = 100.0%
Maximum number of iterations reached

Iteration 96: Espilon = 26771.9293, ESS = 1000 Acc. rate = 74.38% Uniqueness rate particules = 100.0% Uniqueness rate components = 100.0% Global parameters uniqueness rate = 100.0%
Maximum number of iterations reached

Iteration 97: Espilon = 26771.9293, ESS = 1000 Acc. rate = 75.65% Uniqueness rate particules = 100.0% Uniqueness rate components = 100.0% Global parameters uniqueness rate = 100.0%
Maximum number of iterations reached

Iteration 98: Espilon = 26771.9293, ESS = 1000 Acc. rate = 76.60% Uniqueness rate particules = 100.0% Uniqueness rate components = 100.0% Global parameters uniqueness rate = 100.0%
Maximum number of iterations reached

Iteration 99: Espilon = 26771.9293, ESS = 1000 Acc. rate = 76.12% Uniqueness rate particules = 100.0% Uniqueness rate components = 100.0% Global parameters uniqueness rate = 100.0%
Maximum number of iterations reached

Iteration 100: Espilon = 26771.9293, ESS = 1000 Acc. rate = 75.67% Uniqueness rate particules = 100.0% Uniqueness rate components = 100.0% Global parameters uniqueness rate = 100.0%
Maximum number of iterations reached

Iteration 101: Espilon = 26771.9293, ESS = 1000 Acc. rate = 75.90% Uniqueness rate particules = 100.0% Uniqueness rate components = 100.0% Global parameters uniqueness rate = 100.0%
Maximum number of iterations reached

Iteration 102: Espilon = 26771.9293, ESS = 1000 Acc. rate = 75.10% Uniqueness rate particules = 100.0% Uniqueness rate components = 100.0% Global parameters uniqueness rate = 100.0%
Maximum number of iterations reached
Apply permutation

Iteration 103: Espilon = 26771.9293, ESS = 1000 Acc. rate = 75.30% Uniqueness rate particules = 100.0% Uniqueness rate components = 100.0% Global parameters uniqueness rate = 100.0%
Maximum number of iterations reached
Apply permutation

False
Iteration 0: Epsilon = inf, ESS = 1000 Acc. rate = 100% Numb. unique particles = 1000
Iteration 2: Espilon = 8977.3459, ESS = 950 Acc. rate = 57.67% Uniqueness rate particules = 100.0% Uniqueness rate components = 100.0% Global parameters uniqueness rate = 100.0%
Maximum number of iterations reached

Resampling... 950 unique particles left
Iteration 3: Espilon = 8977.3459, ESS = 1000 Acc. rate = 58.13% Uniqueness rate particules = 100.0% Uniqueness rate components = 97.7% Global parameters uniqueness rate = 99.8%
Maximum number of iterations reached

Iteration 4: Espilon = 8977.3459, ESS = 1000 Acc. rate = 57.92% Uniqueness rate particules = 100.0% Uniqueness rate components = 98.9% Global parameters uniqueness rate = 100.0%
Maximum number of iterations reached

Iteration 5: Espilon = 8977.3459, ESS = 1000 Acc. rate = 57.42% Uniqueness rate particules = 100.0% Uniqueness rate components = 99.4% Global parameters uniqueness rate = 100.0%
Maximum number of iterations reached

Iteration 6: Espilon = 8977.3459, ESS = 1000 Acc. rate = 56.36% Uniqueness rate particules = 100.0% Uniqueness rate components = 99.7% Global parameters uniqueness rate = 100.0%
Maximum number of iterations reached

Iteration 7: Espilon = 8977.3459, ESS = 1000 Acc. rate = 56.84% Uniqueness rate particules = 100.0% Uniqueness rate components = 99.8% Global parameters uniqueness rate = 100.0%
Maximum number of iterations reached

Iteration 8: Espilon = 8977.3459, ESS = 1000 Acc. rate = 56.74% Uniqueness rate particules = 100.0% Uniqueness rate components = 99.9% Global parameters uniqueness rate = 100.0%
Maximum number of iterations reached

Iteration 9: Espilon = 8977.3459, ESS = 1000 Acc. rate = 57.89% Uniqueness rate particules = 100.0% Uniqueness rate components = 100.0% Global parameters uniqueness rate = 100.0%
Maximum number of iterations reached

Iteration 10: Espilon = 8977.3459, ESS = 1000 Acc. rate = 57.31% Uniqueness rate particules = 100.0% Uniqueness rate components = 100.0% Global parameters uniqueness rate = 100.0%
Maximum number of iterations reached

Iteration 11: Espilon = 8977.3459, ESS = 1000 Acc. rate = 58.58% Uniqueness rate particules = 100.0% Uniqueness rate components = 100.0% Global parameters uniqueness rate = 100.0%
Maximum number of iterations reached

Iteration 12: Espilon = 8977.3459, ESS = 1000 Acc. rate = 57.53% Uniqueness rate particules = 100.0% Uniqueness rate components = 100.0% Global parameters uniqueness rate = 100.0%
Maximum number of iterations reached

Iteration 13: Espilon = 8977.3459, ESS = 1000 Acc. rate = 56.77% Uniqueness rate particules = 100.0% Uniqueness rate components = 100.0% Global parameters uniqueness rate = 100.0%
Maximum number of iterations reached

Iteration 14: Espilon = 8977.3459, ESS = 1000 Acc. rate = 58.10% Uniqueness rate particules = 100.0% Uniqueness rate components = 100.0% Global parameters uniqueness rate = 100.0%
Maximum number of iterations reached

Iteration 15: Espilon = 8977.3459, ESS = 1000 Acc. rate = 58.39% Uniqueness rate particules = 100.0% Uniqueness rate components = 100.0% Global parameters uniqueness rate = 100.0%
Maximum number of iterations reached

Iteration 16: Espilon = 8977.3459, ESS = 1000 Acc. rate = 57.68% Uniqueness rate particules = 100.0% Uniqueness rate components = 100.0% Global parameters uniqueness rate = 100.0%
Maximum number of iterations reached

Iteration 17: Espilon = 8977.3459, ESS = 1000 Acc. rate = 58.74% Uniqueness rate particules = 100.0% Uniqueness rate components = 100.0% Global parameters uniqueness rate = 100.0%
Maximum number of iterations reached

Iteration 18: Espilon = 8977.3459, ESS = 1000 Acc. rate = 58.01% Uniqueness rate particules = 100.0% Uniqueness rate components = 100.0% Global parameters uniqueness rate = 100.0%
Maximum number of iterations reached

Iteration 19: Espilon = 8977.3459, ESS = 1000 Acc. rate = 57.52% Uniqueness rate particules = 100.0% Uniqueness rate components = 100.0% Global parameters uniqueness rate = 100.0%
Maximum number of iterations reached

Iteration 20: Espilon = 8977.3459, ESS = 1000 Acc. rate = 59.68% Uniqueness rate particules = 100.0% Uniqueness rate components = 100.0% Global parameters uniqueness rate = 100.0%
Maximum number of iterations reached

Iteration 21: Espilon = 8977.3459, ESS = 1000 Acc. rate = 58.53% Uniqueness rate particules = 100.0% Uniqueness rate components = 100.0% Global parameters uniqueness rate = 100.0%
Maximum number of iterations reached

Iteration 22: Espilon = 8977.3459, ESS = 1000 Acc. rate = 58.61% Uniqueness rate particules = 100.0% Uniqueness rate components = 100.0% Global parameters uniqueness rate = 100.0%
Maximum number of iterations reached

Iteration 23: Espilon = 8977.3459, ESS = 1000 Acc. rate = 58.34% Uniqueness rate particules = 100.0% Uniqueness rate components = 100.0% Global parameters uniqueness rate = 100.0%
Maximum number of iterations reached

Iteration 24: Espilon = 8977.3459, ESS = 1000 Acc. rate = 58.96% Uniqueness rate particules = 100.0% Uniqueness rate components = 100.0% Global parameters uniqueness rate = 100.0%
Maximum number of iterations reached

Iteration 25: Espilon = 8977.3459, ESS = 1000 Acc. rate = 58.88% Uniqueness rate particules = 100.0% Uniqueness rate components = 100.0% Global parameters uniqueness rate = 100.0%
Maximum number of iterations reached

Iteration 26: Espilon = 8977.3459, ESS = 1000 Acc. rate = 58.85% Uniqueness rate particules = 100.0% Uniqueness rate components = 100.0% Global parameters uniqueness rate = 100.0%
Maximum number of iterations reached

Iteration 27: Espilon = 8977.3459, ESS = 1000 Acc. rate = 57.59% Uniqueness rate particules = 100.0% Uniqueness rate components = 100.0% Global parameters uniqueness rate = 100.0%
Maximum number of iterations reached

Iteration 28: Espilon = 8977.3459, ESS = 1000 Acc. rate = 58.69% Uniqueness rate particules = 100.0% Uniqueness rate components = 100.0% Global parameters uniqueness rate = 100.0%
Maximum number of iterations reached

Iteration 29: Espilon = 8977.3459, ESS = 1000 Acc. rate = 58.04% Uniqueness rate particules = 100.0% Uniqueness rate components = 100.0% Global parameters uniqueness rate = 100.0%
Maximum number of iterations reached

Iteration 30: Espilon = 8977.3459, ESS = 1000 Acc. rate = 57.46% Uniqueness rate particules = 100.0% Uniqueness rate components = 100.0% Global parameters uniqueness rate = 100.0%
Maximum number of iterations reached

Iteration 31: Espilon = 8977.3459, ESS = 1000 Acc. rate = 59.01% Uniqueness rate particules = 100.0% Uniqueness rate components = 100.0% Global parameters uniqueness rate = 100.0%
Maximum number of iterations reached

Iteration 32: Espilon = 8977.3459, ESS = 1000 Acc. rate = 57.69% Uniqueness rate particules = 100.0% Uniqueness rate components = 100.0% Global parameters uniqueness rate = 100.0%
Maximum number of iterations reached

Iteration 33: Espilon = 8977.3459, ESS = 1000 Acc. rate = 57.70% Uniqueness rate particules = 100.0% Uniqueness rate components = 100.0% Global parameters uniqueness rate = 100.0%
Maximum number of iterations reached

Iteration 34: Espilon = 8977.3459, ESS = 1000 Acc. rate = 58.82% Uniqueness rate particules = 100.0% Uniqueness rate components = 100.0% Global parameters uniqueness rate = 100.0%
Maximum number of iterations reached

Iteration 35: Espilon = 8977.3459, ESS = 1000 Acc. rate = 57.25% Uniqueness rate particules = 100.0% Uniqueness rate components = 100.0% Global parameters uniqueness rate = 100.0%
Maximum number of iterations reached

Iteration 36: Espilon = 8977.3459, ESS = 1000 Acc. rate = 59.12% Uniqueness rate particules = 100.0% Uniqueness rate components = 100.0% Global parameters uniqueness rate = 100.0%
Maximum number of iterations reached

Iteration 37: Espilon = 8977.3459, ESS = 1000 Acc. rate = 57.18% Uniqueness rate particules = 100.0% Uniqueness rate components = 100.0% Global parameters uniqueness rate = 100.0%
Maximum number of iterations reached

Iteration 38: Espilon = 8977.3459, ESS = 1000 Acc. rate = 58.05% Uniqueness rate particules = 100.0% Uniqueness rate components = 100.0% Global parameters uniqueness rate = 100.0%
Maximum number of iterations reached

Iteration 39: Espilon = 8977.3459, ESS = 1000 Acc. rate = 57.96% Uniqueness rate particules = 100.0% Uniqueness rate components = 100.0% Global parameters uniqueness rate = 100.0%
Maximum number of iterations reached

Iteration 40: Espilon = 8977.3459, ESS = 1000 Acc. rate = 58.21% Uniqueness rate particules = 100.0% Uniqueness rate components = 100.0% Global parameters uniqueness rate = 100.0%
Maximum number of iterations reached

Iteration 41: Espilon = 8977.3459, ESS = 1000 Acc. rate = 58.54% Uniqueness rate particules = 100.0% Uniqueness rate components = 100.0% Global parameters uniqueness rate = 100.0%
Maximum number of iterations reached

