Host : clust2
Date : Fri Apr 18 02:41:21 CEST 2025
Cœurs CPU alloués : 1
Importation done
Importing data...
From 2020-03-24T00:00:00.000000000 to 2020-07-21T00:00:00.000000000
Data importation done!
Iteration 0: Epsilon = inf, ESS = 1000 Acc. rate = 100% Numb. unique particles = 1000
Iteration 1: Espilon = 132934.9461, ESS = 950 Acc. rate = 83.68% Uniqueness rate particules = 100.0% Uniqueness rate components = 100.0% Global parameters uniqueness rate = 100.0%
Maximum number of iterations reached

Resampling... 950 unique particles left
Iteration 2: Espilon = 132934.9461, ESS = 1000 Acc. rate = 82.70% Uniqueness rate particules = 100.0% Uniqueness rate components = 100.0% Global parameters uniqueness rate = 100.0%
Maximum number of iterations reached

False
Iteration 0: Epsilon = inf, ESS = 1000 Acc. rate = 100% Numb. unique particles = 1000
Iteration 2: Espilon = 26771.9293, ESS = 950 Acc. rate = 75.53% Uniqueness rate particules = 100.0% Uniqueness rate components = 100.0% Global parameters uniqueness rate = 100.0%
Maximum number of iterations reached
Apply permutation

Resampling... 950 unique particles left
Iteration 3: Espilon = 26771.9293, ESS = 1000 Acc. rate = 75.62% Uniqueness rate particules = 100.0% Uniqueness rate components = 99.4% Global parameters uniqueness rate = 99.9%
Maximum number of iterations reached
Apply permutation

False
Iteration 0: Epsilon = inf, ESS = 1000 Acc. rate = 100% Numb. unique particles = 1000
Iteration 2: Espilon = 8977.3459, ESS = 950 Acc. rate = 57.67% Uniqueness rate particules = 100.0% Uniqueness rate components = 100.0% Global parameters uniqueness rate = 100.0%
Maximum number of iterations reached
Apply permutation

Resampling... 950 unique particles left
Iteration 3: Espilon = 8977.3459, ESS = 1000 Acc. rate = 58.23% Uniqueness rate particules = 100.0% Uniqueness rate components = 97.7% Global parameters uniqueness rate = 99.8%
Maximum number of iterations reached
Apply permutation

Fin du job : Fri Apr 18 02:46:16 CEST 2025
