Host : clust2
Date : Fri Apr 18 03:42:22 CEST 2025
Cœurs CPU alloués : 1
Importation done
Importing data...
From 2020-03-24T00:00:00.000000000 to 2020-07-21T00:00:00.000000000
Data importation done!
Iteration 0: Epsilon = inf, ESS = 1000 Acc. rate = 100% Numb. unique particles = 1000
Iteration 1: Espilon = 132934.9461, ESS = 950 Acc. rate = 83.68% Uniqueness rate particules = 100.0% Uniqueness rate components = 100.0% Global parameters uniqueness rate = 100.0%

Iteration 2: Espilon = 100793.3488, ESS = 902 Acc. rate = 80.82% Uniqueness rate particules = 100.0% Uniqueness rate components = 100.0% Global parameters uniqueness rate = 100.0%

Iteration 3: Espilon = 86724.8192, ESS = 856 Acc. rate = 78.39% Uniqueness rate particules = 100.0% Uniqueness rate components = 100.0% Global parameters uniqueness rate = 100.0%

Iteration 4: Espilon = 80224.4597, ESS = 813 Acc. rate = 73.31% Uniqueness rate particules = 100.0% Uniqueness rate components = 100.0% Global parameters uniqueness rate = 100.0%

Iteration 5: Espilon = 74971.0685, ESS = 772 Acc. rate = 71.63% Uniqueness rate particules = 100.0% Uniqueness rate components = 100.0% Global parameters uniqueness rate = 100.0%

Iteration 6: Espilon = 71465.6598, ESS = 733 Acc. rate = 70.53% Uniqueness rate particules = 100.0% Uniqueness rate components = 100.0% Global parameters uniqueness rate = 100.0%

Iteration 7: Espilon = 69162.9221, ESS = 696 Acc. rate = 63.94% Uniqueness rate particules = 100.0% Uniqueness rate components = 100.0% Global parameters uniqueness rate = 100.0%

Iteration 8: Espilon = 67816.8866, ESS = 661 Acc. rate = 65.20% Uniqueness rate particules = 100.0% Uniqueness rate components = 100.0% Global parameters uniqueness rate = 100.0%

Iteration 9: Espilon = 66204.5792, ESS = 628 Acc. rate = 61.94% Uniqueness rate particules = 100.0% Uniqueness rate components = 100.0% Global parameters uniqueness rate = 100.0%

Iteration 10: Espilon = 64881.4831, ESS = 596 Acc. rate = 55.87% Uniqueness rate particules = 100.0% Uniqueness rate components = 100.0% Global parameters uniqueness rate = 100.0%

Iteration 11: Espilon = 63975.2362, ESS = 566 Acc. rate = 59.54% Uniqueness rate particules = 100.0% Uniqueness rate components = 100.0% Global parameters uniqueness rate = 100.0%

Iteration 12: Espilon = 63032.5846, ESS = 537 Acc. rate = 59.40% Uniqueness rate particules = 100.0% Uniqueness rate components = 100.0% Global parameters uniqueness rate = 100.0%

Iteration 13: Espilon = 62314.8205, ESS = 510 Acc. rate = 59.80% Uniqueness rate particules = 100.0% Uniqueness rate components = 100.0% Global parameters uniqueness rate = 100.0%

Resampling... 484 unique particles left
Iteration 14: Espilon = 61661.0975, ESS = 1000 Acc. rate = 56.60% Uniqueness rate particules = 88.5% Uniqueness rate components = 88.5% Global parameters uniqueness rate = 88.5%

Iteration 15: Espilon = 61223.9819, ESS = 951 Acc. rate = 55.63% Uniqueness rate particules = 96.1% Uniqueness rate components = 96.1% Global parameters uniqueness rate = 96.1%

Iteration 16: Espilon = 60555.6253, ESS = 903 Acc. rate = 51.27% Uniqueness rate particules = 97.6% Uniqueness rate components = 97.6% Global parameters uniqueness rate = 97.6%

Iteration 17: Espilon = 59950.9697, ESS = 857 Acc. rate = 56.48% Uniqueness rate particules = 98.2% Uniqueness rate components = 98.2% Global parameters uniqueness rate = 98.2%

Iteration 18: Espilon = 59343.3892, ESS = 814 Acc. rate = 53.19% Uniqueness rate particules = 98.3% Uniqueness rate components = 98.3% Global parameters uniqueness rate = 98.3%

Iteration 19: Espilon = 58548.3160, ESS = 773 Acc. rate = 56.40% Uniqueness rate particules = 98.4% Uniqueness rate components = 98.4% Global parameters uniqueness rate = 98.4%

Iteration 20: Espilon = 57477.0060, ESS = 734 Acc. rate = 54.77% Uniqueness rate particules = 98.4% Uniqueness rate components = 98.4% Global parameters uniqueness rate = 98.4%

Iteration 21: Espilon = 56465.1244, ESS = 697 Acc. rate = 54.66% Uniqueness rate particules = 98.4% Uniqueness rate components = 98.4% Global parameters uniqueness rate = 98.4%

Iteration 22: Espilon = 55240.6222, ESS = 662 Acc. rate = 54.23% Uniqueness rate particules = 98.4% Uniqueness rate components = 98.4% Global parameters uniqueness rate = 98.4%

Iteration 23: Espilon = 54249.2869, ESS = 628 Acc. rate = 52.39% Uniqueness rate particules = 98.4% Uniqueness rate components = 98.4% Global parameters uniqueness rate = 98.4%

Iteration 24: Espilon = 53083.3149, ESS = 596 Acc. rate = 56.04% Uniqueness rate particules = 98.4% Uniqueness rate components = 98.4% Global parameters uniqueness rate = 98.4%

Iteration 25: Espilon = 51435.0877, ESS = 566 Acc. rate = 56.54% Uniqueness rate particules = 98.4% Uniqueness rate components = 98.4% Global parameters uniqueness rate = 98.4%

Iteration 26: Espilon = 49878.4188, ESS = 537 Acc. rate = 52.70% Uniqueness rate particules = 98.4% Uniqueness rate components = 98.4% Global parameters uniqueness rate = 98.4%

Iteration 27: Espilon = 47970.4195, ESS = 510 Acc. rate = 56.27% Uniqueness rate particules = 98.4% Uniqueness rate components = 98.4% Global parameters uniqueness rate = 98.4%

Resampling... 484 unique particles left
Iteration 28: Espilon = 46260.8405, ESS = 1000 Acc. rate = 53.20% Uniqueness rate particules = 86.8% Uniqueness rate components = 86.8% Global parameters uniqueness rate = 86.8%

Iteration 29: Espilon = 44850.7304, ESS = 951 Acc. rate = 52.37% Uniqueness rate particules = 95.2% Uniqueness rate components = 95.2% Global parameters uniqueness rate = 95.2%

Iteration 30: Espilon = 43406.2785, ESS = 903 Acc. rate = 53.49% Uniqueness rate particules = 96.9% Uniqueness rate components = 96.9% Global parameters uniqueness rate = 96.9%

Iteration 31: Espilon = 41962.5942, ESS = 857 Acc. rate = 56.48% Uniqueness rate particules = 97.7% Uniqueness rate components = 97.7% Global parameters uniqueness rate = 97.7%

Iteration 32: Espilon = 40229.3233, ESS = 814 Acc. rate = 54.05% Uniqueness rate particules = 97.8% Uniqueness rate components = 97.8% Global parameters uniqueness rate = 97.8%

Iteration 33: Espilon = 38811.9112, ESS = 773 Acc. rate = 50.32% Uniqueness rate particules = 97.9% Uniqueness rate components = 97.9% Global parameters uniqueness rate = 97.9%

Iteration 34: Espilon = 37266.0939, ESS = 734 Acc. rate = 51.09% Uniqueness rate particules = 97.9% Uniqueness rate components = 97.9% Global parameters uniqueness rate = 97.9%

Iteration 35: Espilon = 35796.5690, ESS = 697 Acc. rate = 52.37% Uniqueness rate particules = 97.9% Uniqueness rate components = 97.9% Global parameters uniqueness rate = 97.9%

Iteration 36: Espilon = 34614.7339, ESS = 662 Acc. rate = 47.28% Uniqueness rate particules = 98.0% Uniqueness rate components = 98.0% Global parameters uniqueness rate = 98.0%

Iteration 37: Espilon = 32982.5937, ESS = 628 Acc. rate = 48.89% Uniqueness rate particules = 98.0% Uniqueness rate components = 98.0% Global parameters uniqueness rate = 98.0%

Iteration 38: Espilon = 31247.5248, ESS = 596 Acc. rate = 49.66% Uniqueness rate particules = 98.0% Uniqueness rate components = 98.0% Global parameters uniqueness rate = 98.0%

Iteration 39: Espilon = 29802.1598, ESS = 566 Acc. rate = 49.82% Uniqueness rate particules = 98.0% Uniqueness rate components = 98.0% Global parameters uniqueness rate = 98.0%

Iteration 40: Espilon = 27964.9131, ESS = 537 Acc. rate = 51.58% Uniqueness rate particules = 98.0% Uniqueness rate components = 98.0% Global parameters uniqueness rate = 98.0%

Iteration 41: Espilon = 26854.4904, ESS = 510 Acc. rate = 51.96% Uniqueness rate particules = 98.0% Uniqueness rate components = 98.0% Global parameters uniqueness rate = 98.0%

Resampling... 484 unique particles left
Iteration 42: Espilon = 25264.3623, ESS = 1000 Acc. rate = 51.90% Uniqueness rate particules = 87.4% Uniqueness rate components = 87.4% Global parameters uniqueness rate = 87.4%

Iteration 43: Espilon = 23404.4678, ESS = 950 Acc. rate = 49.68% Uniqueness rate particules = 94.8% Uniqueness rate components = 94.8% Global parameters uniqueness rate = 94.8%

Iteration 44: Espilon = 21660.7029, ESS = 902 Acc. rate = 50.89% Uniqueness rate particules = 96.5% Uniqueness rate components = 96.5% Global parameters uniqueness rate = 96.5%

Iteration 45: Espilon = 19932.0044, ESS = 856 Acc. rate = 51.75% Uniqueness rate particules = 96.8% Uniqueness rate components = 96.8% Global parameters uniqueness rate = 96.8%

Iteration 46: Espilon = 18043.2813, ESS = 813 Acc. rate = 50.06% Uniqueness rate particules = 96.9% Uniqueness rate components = 96.9% Global parameters uniqueness rate = 96.9%

Iteration 47: Espilon = 16529.9961, ESS = 772 Acc. rate = 50.78% Uniqueness rate particules = 97.1% Uniqueness rate components = 97.1% Global parameters uniqueness rate = 97.1%

Iteration 48: Espilon = 14953.5654, ESS = 733 Acc. rate = 50.61% Uniqueness rate particules = 97.1% Uniqueness rate components = 97.1% Global parameters uniqueness rate = 97.1%

Iteration 49: Espilon = 13496.9016, ESS = 696 Acc. rate = 51.58% Uniqueness rate particules = 97.2% Uniqueness rate components = 97.2% Global parameters uniqueness rate = 97.2%

Iteration 50: Espilon = 12313.1812, ESS = 661 Acc. rate = 53.25% Uniqueness rate particules = 97.3% Uniqueness rate components = 97.3% Global parameters uniqueness rate = 97.3%

Iteration 51: Espilon = 10752.3985, ESS = 628 Acc. rate = 50.00% Uniqueness rate particules = 97.3% Uniqueness rate components = 97.3% Global parameters uniqueness rate = 97.3%

Iteration 52: Espilon = 9511.7177, ESS = 596 Acc. rate = 48.15% Uniqueness rate particules = 97.3% Uniqueness rate components = 97.3% Global parameters uniqueness rate = 97.3%

Iteration 53: Espilon = 8321.5331, ESS = 566 Acc. rate = 46.29% Uniqueness rate particules = 97.3% Uniqueness rate components = 97.3% Global parameters uniqueness rate = 97.3%

Iteration 54: Espilon = 7179.9709, ESS = 537 Acc. rate = 46.18% Uniqueness rate particules = 97.3% Uniqueness rate components = 97.3% Global parameters uniqueness rate = 97.3%

Iteration 55: Espilon = 6041.6918, ESS = 510 Acc. rate = 46.47% Uniqueness rate particules = 97.3% Uniqueness rate components = 97.3% Global parameters uniqueness rate = 97.3%

Resampling... 484 unique particles left
Iteration 56: Espilon = 5208.4455, ESS = 1000 Acc. rate = 47.60% Uniqueness rate particules = 85.1% Uniqueness rate components = 85.1% Global parameters uniqueness rate = 85.1%

Iteration 57: Espilon = 4794.4063, ESS = 950 Acc. rate = 47.05% Uniqueness rate particules = 93.9% Uniqueness rate components = 93.9% Global parameters uniqueness rate = 93.9%

Iteration 58: Espilon = 4792.3626, ESS = 902 Acc. rate = 42.57% Uniqueness rate particules = 96.3% Uniqueness rate components = 96.3% Global parameters uniqueness rate = 96.3%

Iteration 59: Espilon = 4790.2472, ESS = 856 Acc. rate = 42.87% Uniqueness rate particules = 97.7% Uniqueness rate components = 97.7% Global parameters uniqueness rate = 97.7%

Iteration 60: Espilon = 4787.5389, ESS = 813 Acc. rate = 39.11% Uniqueness rate particules = 98.0% Uniqueness rate components = 98.0% Global parameters uniqueness rate = 98.0%

Iteration 61: Espilon = 4783.9199, ESS = 772 Acc. rate = 36.92% Uniqueness rate particules = 98.1% Uniqueness rate components = 98.1% Global parameters uniqueness rate = 98.1%

Iteration 62: Espilon = 4777.6197, ESS = 733 Acc. rate = 32.20% Uniqueness rate particules = 98.1% Uniqueness rate components = 98.1% Global parameters uniqueness rate = 98.1%

Iteration 63: Espilon = 4770.4305, ESS = 696 Acc. rate = 31.75% Uniqueness rate particules = 98.1% Uniqueness rate components = 98.1% Global parameters uniqueness rate = 98.1%

Iteration 64: Espilon = 4761.6289, ESS = 661 Acc. rate = 26.78% Uniqueness rate particules = 98.1% Uniqueness rate components = 98.1% Global parameters uniqueness rate = 98.1%

Iteration 65: Espilon = 4751.1375, ESS = 628 Acc. rate = 25.64% Uniqueness rate particules = 98.2% Uniqueness rate components = 98.2% Global parameters uniqueness rate = 98.2%

Iteration 66: Espilon = 4735.1206, ESS = 596 Acc. rate = 25.00% Uniqueness rate particules = 98.3% Uniqueness rate components = 98.3% Global parameters uniqueness rate = 98.3%

Iteration 67: Espilon = 4716.1123, ESS = 566 Acc. rate = 24.56% Uniqueness rate particules = 98.3% Uniqueness rate components = 98.3% Global parameters uniqueness rate = 98.3%

Iteration 68: Espilon = 4691.8373, ESS = 537 Acc. rate = 21.42% Uniqueness rate particules = 98.5% Uniqueness rate components = 98.5% Global parameters uniqueness rate = 98.5%

Iteration 69: Espilon = 4665.1767, ESS = 510 Acc. rate = 16.67% Uniqueness rate particules = 98.6% Uniqueness rate components = 98.6% Global parameters uniqueness rate = 98.6%

Resampling... 482 unique particles left
Iteration 70: Espilon = 4627.9945, ESS = 1000 Acc. rate = 17.70% Uniqueness rate particules = 64.3% Uniqueness rate components = 64.3% Global parameters uniqueness rate = 64.3%

Iteration 71: Espilon = 4599.6478, ESS = 950 Acc. rate = 16.53% Uniqueness rate particules = 73.0% Uniqueness rate components = 73.0% Global parameters uniqueness rate = 73.0%

Iteration 72: Espilon = 4558.3706, ESS = 902 Acc. rate = 15.52% Uniqueness rate particules = 78.9% Uniqueness rate components = 78.9% Global parameters uniqueness rate = 78.9%

Iteration 73: Espilon = 4520.6652, ESS = 856 Acc. rate = 15.77% Uniqueness rate particules = 83.9% Uniqueness rate components = 83.9% Global parameters uniqueness rate = 83.9%

Iteration 74: Espilon = 4475.2086, ESS = 814 Acc. rate = 14.86% Uniqueness rate particules = 86.5% Uniqueness rate components = 86.5% Global parameters uniqueness rate = 86.5%

Iteration 75: Espilon = 4436.5977, ESS = 773 Acc. rate = 15.27% Uniqueness rate particules = 88.5% Uniqueness rate components = 88.5% Global parameters uniqueness rate = 88.5%

Iteration 76: Espilon = 4386.2059, ESS = 734 Acc. rate = 11.72% Uniqueness rate particules = 89.0% Uniqueness rate components = 89.0% Global parameters uniqueness rate = 89.0%

Iteration 77: Espilon = 4345.6930, ESS = 697 Acc. rate = 12.63% Uniqueness rate particules = 89.9% Uniqueness rate components = 89.9% Global parameters uniqueness rate = 89.9%

Iteration 78: Espilon = 4293.4032, ESS = 662 Acc. rate = 13.14% Uniqueness rate particules = 90.2% Uniqueness rate components = 90.2% Global parameters uniqueness rate = 90.2%

Iteration 79: Espilon = 4245.7240, ESS = 628 Acc. rate = 12.74% Uniqueness rate particules = 90.6% Uniqueness rate components = 90.6% Global parameters uniqueness rate = 90.6%

Iteration 80: Espilon = 4187.4954, ESS = 596 Acc. rate = 12.08% Uniqueness rate particules = 90.8% Uniqueness rate components = 90.8% Global parameters uniqueness rate = 90.8%

Iteration 81: Espilon = 4138.5937, ESS = 566 Acc. rate = 12.01% Uniqueness rate particules = 91.1% Uniqueness rate components = 91.1% Global parameters uniqueness rate = 91.1%

Iteration 82: Espilon = 4091.8927, ESS = 537 Acc. rate = 11.92% Uniqueness rate particules = 91.2% Uniqueness rate components = 91.2% Global parameters uniqueness rate = 91.2%

Iteration 83: Espilon = 4055.0525, ESS = 510 Acc. rate = 11.96% Uniqueness rate particules = 91.4% Uniqueness rate components = 91.4% Global parameters uniqueness rate = 91.4%

Resampling... 477 unique particles left
Iteration 84: Espilon = 3993.6658, ESS = 1000 Acc. rate = 8.90% Uniqueness rate particules = 56.3% Uniqueness rate components = 56.3% Global parameters uniqueness rate = 56.3%

Iteration 85: Espilon = 3948.5740, ESS = 950 Acc. rate = 10.63% Uniqueness rate particules = 64.4% Uniqueness rate components = 64.4% Global parameters uniqueness rate = 64.4%

Iteration 86: Espilon = 3905.3480, ESS = 902 Acc. rate = 7.21% Uniqueness rate particules = 68.4% Uniqueness rate components = 68.4% Global parameters uniqueness rate = 68.4%

Iteration 87: Espilon = 3857.6769, ESS = 856 Acc. rate = 8.18% Uniqueness rate particules = 71.8% Uniqueness rate components = 71.8% Global parameters uniqueness rate = 71.8%

Iteration 88: Espilon = 3795.1107, ESS = 813 Acc. rate = 8.86% Uniqueness rate particules = 75.1% Uniqueness rate components = 75.1% Global parameters uniqueness rate = 75.1%

Iteration 89: Espilon = 3756.9298, ESS = 773 Acc. rate = 9.31% Uniqueness rate particules = 77.5% Uniqueness rate components = 77.5% Global parameters uniqueness rate = 77.5%

Iteration 90: Espilon = 3715.4480, ESS = 734 Acc. rate = 6.40% Uniqueness rate particules = 79.5% Uniqueness rate components = 79.5% Global parameters uniqueness rate = 79.5%

Iteration 91: Espilon = 3663.2819, ESS = 697 Acc. rate = 8.03% Uniqueness rate particules = 80.6% Uniqueness rate components = 80.6% Global parameters uniqueness rate = 80.6%

Iteration 92: Espilon = 3602.3049, ESS = 662 Acc. rate = 6.19% Uniqueness rate particules = 81.2% Uniqueness rate components = 81.2% Global parameters uniqueness rate = 81.2%

Iteration 93: Espilon = 3549.0716, ESS = 628 Acc. rate = 8.28% Uniqueness rate particules = 82.3% Uniqueness rate components = 82.3% Global parameters uniqueness rate = 82.3%

Iteration 94: Espilon = 3506.5057, ESS = 596 Acc. rate = 9.06% Uniqueness rate particules = 82.8% Uniqueness rate components = 82.8% Global parameters uniqueness rate = 82.8%

Iteration 95: Espilon = 3438.8368, ESS = 566 Acc. rate = 5.30% Uniqueness rate particules = 83.5% Uniqueness rate components = 83.5% Global parameters uniqueness rate = 83.5%

Iteration 96: Espilon = 3386.6843, ESS = 537 Acc. rate = 6.52% Uniqueness rate particules = 84.1% Uniqueness rate components = 84.1% Global parameters uniqueness rate = 84.1%

Iteration 97: Espilon = 3322.8253, ESS = 510 Acc. rate = 5.10% Uniqueness rate particules = 84.5% Uniqueness rate components = 84.5% Global parameters uniqueness rate = 84.5%

Resampling... 437 unique particles left
Iteration 98: Espilon = 3266.7098, ESS = 1000 Acc. rate = 4.90% Uniqueness rate particules = 48.5% Uniqueness rate components = 48.5% Global parameters uniqueness rate = 48.5%

Iteration 99: Espilon = 3230.8164, ESS = 952 Acc. rate = 7.14% Uniqueness rate particules = 54.3% Uniqueness rate components = 54.3% Global parameters uniqueness rate = 54.3%

Iteration 100: Espilon = 3199.7996, ESS = 904 Acc. rate = 6.08% Uniqueness rate particules = 58.3% Uniqueness rate components = 58.3% Global parameters uniqueness rate = 58.3%

Iteration 101: Espilon = 3146.7824, ESS = 858 Acc. rate = 4.55% Uniqueness rate particules = 60.4% Uniqueness rate components = 60.4% Global parameters uniqueness rate = 60.4%

Iteration 102: Espilon = 3103.8778, ESS = 815 Acc. rate = 5.03% Uniqueness rate particules = 63.1% Uniqueness rate components = 63.1% Global parameters uniqueness rate = 63.1%

Iteration 103: Espilon = 3063.4998, ESS = 774 Acc. rate = 3.36% Uniqueness rate particules = 64.5% Uniqueness rate components = 64.5% Global parameters uniqueness rate = 64.5%

Iteration 104: Espilon = 3010.0725, ESS = 735 Acc. rate = 4.49% Uniqueness rate particules = 66.4% Uniqueness rate components = 66.4% Global parameters uniqueness rate = 66.4%

Iteration 105: Espilon = 2949.4582, ESS = 698 Acc. rate = 4.73% Uniqueness rate particules = 67.9% Uniqueness rate components = 67.9% Global parameters uniqueness rate = 67.9%

Iteration 106: Espilon = 2895.4244, ESS = 666 Acc. rate = 4.05% Uniqueness rate particules = 69.0% Uniqueness rate components = 69.0% Global parameters uniqueness rate = 69.0%

Iteration 107: Espilon = 2850.7814, ESS = 633 Acc. rate = 4.58% Uniqueness rate particules = 70.0% Uniqueness rate components = 70.0% Global parameters uniqueness rate = 70.0%

Iteration 108: Espilon = 2821.8762, ESS = 605 Acc. rate = 5.29% Uniqueness rate particules = 71.0% Uniqueness rate components = 71.0% Global parameters uniqueness rate = 71.0%

Iteration 109: Espilon = 2804.6523, ESS = 577 Acc. rate = 4.68% Uniqueness rate particules = 71.8% Uniqueness rate components = 71.8% Global parameters uniqueness rate = 71.8%

Iteration 110: Espilon = 2772.1012, ESS = 549 Acc. rate = 4.55% Uniqueness rate particules = 72.4% Uniqueness rate components = 72.4% Global parameters uniqueness rate = 72.4%

Iteration 111: Espilon = 2731.5241, ESS = 521 Acc. rate = 4.99% Uniqueness rate particules = 73.2% Uniqueness rate components = 73.2% Global parameters uniqueness rate = 73.2%

Resampling... 407 unique particles left
Iteration 112: Espilon = 2694.5247, ESS = 1000 Acc. rate = 3.80% Uniqueness rate particules = 44.4% Uniqueness rate components = 44.4% Global parameters uniqueness rate = 44.4%

Iteration 113: Espilon = 2664.0574, ESS = 950 Acc. rate = 5.05% Uniqueness rate particules = 49.1% Uniqueness rate components = 49.1% Global parameters uniqueness rate = 49.1%

Iteration 114: Espilon = 2637.3384, ESS = 902 Acc. rate = 4.43% Uniqueness rate particules = 52.5% Uniqueness rate components = 52.5% Global parameters uniqueness rate = 52.5%

Iteration 115: Espilon = 2598.7542, ESS = 857 Acc. rate = 5.48% Uniqueness rate particules = 56.6% Uniqueness rate components = 56.6% Global parameters uniqueness rate = 56.6%

Iteration 116: Espilon = 2550.7828, ESS = 816 Acc. rate = 3.68% Uniqueness rate particules = 58.9% Uniqueness rate components = 58.9% Global parameters uniqueness rate = 58.9%

Iteration 117: Espilon = 2509.1062, ESS = 775 Acc. rate = 5.29% Uniqueness rate particules = 61.8% Uniqueness rate components = 61.8% Global parameters uniqueness rate = 61.8%

Iteration 118: Espilon = 2450.5364, ESS = 736 Acc. rate = 3.67% Uniqueness rate particules = 63.2% Uniqueness rate components = 63.2% Global parameters uniqueness rate = 63.2%

